#
# There is insufficient memory for the Java Runtime Environment to continue.
# Native memory allocation (malloc) failed to allocate 297936 bytes. Error detail: Chunk::new
# Possible reasons:
#   The system is out of physical RAM or swap space
#   This process is running with CompressedOops enabled, and the Java Heap may be blocking the growth of the native heap
# Possible solutions:
#   Reduce memory load on the system
#   Increase physical memory or swap space
#   Check if swap backing store is full
#   Decrease Java heap size (-Xmx/-Xms)
#   Decrease number of Java threads
#   Decrease Java thread stack sizes (-Xss)
#   Set larger code cache with -XX:ReservedCodeCacheSize=
#   JVM is running with Zero Based Compressed Oops mode in which the Java heap is
#     placed in the first 32GB address space. The Java Heap base address is the
#     maximum limit for the native heap growth. Please use -XX:HeapBaseMinAddress
#     to set the Java Heap base and to place the Java Heap above 32GB virtual address.
# This output file may be truncated or incomplete.
#
#  Out of Memory Error (arena.cpp:168), pid=9560, tid=2380
#
# JRE version: OpenJDK Runtime Environment Temurin-21.0.6+7 (21.0.6+7) (build 21.0.6+7-LTS)
# Java VM: OpenJDK 64-Bit Server VM Temurin-21.0.6+7 (21.0.6+7-LTS, mixed mode, sharing, tiered, compressed oops, compressed class ptrs, g1 gc, windows-amd64)
# No core dump will be written. Minidumps are not enabled by default on client versions of Windows
#

---------------  S U M M A R Y ------------

Command Line: -XX:+ShowCodeDetailsInExceptionMessages com.paf.skillcraft.skill_craft.SkillCraftApplication

Host: Intel(R) Core(TM) i5-5200U CPU @ 2.20GHz, 4 cores, 11G,  Windows 10 , 64 bit Build 19041 (10.0.19041.5678)
Time: Sat Apr 26 15:23:46 2025 Sri Lanka Standard Time elapsed time: 2.923484 seconds (0d 0h 0m 2s)

---------------  T H R E A D  ---------------

Current thread (0x000001cef4ebaaa0):  JavaThread "C2 CompilerThread0" daemon [_thread_in_native, id=2380, stack(0x00000047ebd00000,0x00000047ebe00000) (1024K)]


Current CompileTask:
C2:2923 2182       4       java.lang.invoke.MethodType::methodType (69 bytes)

Stack: [0x00000047ebd00000,0x00000047ebe00000]
Native frames: (J=compiled Java code, j=interpreted, Vv=VM code, C=native code)
V  [jvm.dll+0x6cdee9]
V  [jvm.dll+0x8a83d1]
V  [jvm.dll+0x8aa8fe]
V  [jvm.dll+0x8aafe3]
V  [jvm.dll+0x27f706]
V  [jvm.dll+0xc500d]
V  [jvm.dll+0xc5543]
V  [jvm.dll+0x5d71b9]
V  [jvm.dll+0x382964]
V  [jvm.dll+0x381d9a]
V  [jvm.dll+0x2479f0]
V  [jvm.dll+0x246fcf]
V  [jvm.dll+0x1c75ee]
V  [jvm.dll+0x25685a]
V  [jvm.dll+0x254dfa]
V  [jvm.dll+0x3f0256]
V  [jvm.dll+0x851f8b]
V  [jvm.dll+0x6cc5ed]
C  [ucrtbase.dll+0x21bb2]
C  [KERNEL32.DLL+0x17374]
C  [ntdll.dll+0x4cc91]


---------------  P R O C E S S  ---------------

Threads class SMR info:
_java_thread_list=0x000001cefa122d40, length=12, elements={
0x000001cedaa86700, 0x000001cef4ea2390, 0x000001cef4ea5000, 0x000001cef4ea68f0,
0x000001cef4ea9350, 0x000001cef4eabdb0, 0x000001cef4eac800, 0x000001cef4ebaaa0,
0x000001cef4ebd940, 0x000001cef90cb0a0, 0x000001cef90d68b0, 0x000001cef9cba200
}

Java Threads: ( => current thread )
  0x000001cedaa86700 JavaThread "main"                              [_thread_in_Java, id=12724, stack(0x00000047eaf00000,0x00000047eb000000) (1024K)]
  0x000001cef4ea2390 JavaThread "Reference Handler"          daemon [_thread_blocked, id=8816, stack(0x00000047eb700000,0x00000047eb800000) (1024K)]
  0x000001cef4ea5000 JavaThread "Finalizer"                  daemon [_thread_blocked, id=9392, stack(0x00000047eb800000,0x00000047eb900000) (1024K)]
  0x000001cef4ea68f0 JavaThread "Signal Dispatcher"          daemon [_thread_blocked, id=14900, stack(0x00000047eb900000,0x00000047eba00000) (1024K)]
  0x000001cef4ea9350 JavaThread "Attach Listener"            daemon [_thread_blocked, id=4100, stack(0x00000047eba00000,0x00000047ebb00000) (1024K)]
  0x000001cef4eabdb0 JavaThread "Service Thread"             daemon [_thread_blocked, id=4884, stack(0x00000047ebb00000,0x00000047ebc00000) (1024K)]
  0x000001cef4eac800 JavaThread "Monitor Deflation Thread"   daemon [_thread_blocked, id=20156, stack(0x00000047ebc00000,0x00000047ebd00000) (1024K)]
=>0x000001cef4ebaaa0 JavaThread "C2 CompilerThread0"         daemon [_thread_in_native, id=2380, stack(0x00000047ebd00000,0x00000047ebe00000) (1024K)]
  0x000001cef4ebd940 JavaThread "C1 CompilerThread0"         daemon [_thread_in_native, id=14356, stack(0x00000047ebe00000,0x00000047ebf00000) (1024K)]
  0x000001cef90cb0a0 JavaThread "Notification Thread"        daemon [_thread_blocked, id=21296, stack(0x00000047ebf00000,0x00000047ec000000) (1024K)]
  0x000001cef90d68b0 JavaThread "Common-Cleaner"             daemon [_thread_blocked, id=1060, stack(0x00000047ec000000,0x00000047ec100000) (1024K)]
  0x000001cef9cba200 JavaThread "C2 CompilerThread1"         daemon [_thread_in_native, id=18844, stack(0x00000047ec100000,0x00000047ec200000) (1024K)]
Total: 12

Other Threads:
  0x000001cef4e86360 VMThread "VM Thread"                           [id=23168, stack(0x00000047eb600000,0x00000047eb700000) (1024K)]
  0x000001cef4e76a20 WatcherThread "VM Periodic Task Thread"        [id=7724, stack(0x00000047eb500000,0x00000047eb600000) (1024K)]
  0x000001cedccacfd0 WorkerThread "GC Thread#0"                     [id=1496, stack(0x00000047eb000000,0x00000047eb100000) (1024K)]
  0x000001cef959d320 WorkerThread "GC Thread#1"                     [id=13936, stack(0x00000047ec200000,0x00000047ec300000) (1024K)]
  0x000001cef959d6c0 WorkerThread "GC Thread#2"                     [id=11948, stack(0x00000047ec300000,0x00000047ec400000) (1024K)]
  0x000001cef9614a30 WorkerThread "GC Thread#3"                     [id=20796, stack(0x00000047ec400000,0x00000047ec500000) (1024K)]
  0x000001cedccb9f00 ConcurrentGCThread "G1 Main Marker"            [id=7944, stack(0x00000047eb100000,0x00000047eb200000) (1024K)]
  0x000001cedccbb0b0 WorkerThread "G1 Conc#0"                       [id=16092, stack(0x00000047eb200000,0x00000047eb300000) (1024K)]
  0x000001cedcd1e480 ConcurrentGCThread "G1 Refine#0"               [id=23016, stack(0x00000047eb300000,0x00000047eb400000) (1024K)]
  0x000001cef4d42d20 ConcurrentGCThread "G1 Service"                [id=10436, stack(0x00000047eb400000,0x00000047eb500000) (1024K)]
Total: 10

Threads with active compile tasks:
C2 CompilerThread0  2962 2182       4       java.lang.invoke.MethodType::methodType (69 bytes)
C1 CompilerThread0  2962 2341   !   3       org.springframework.util.ClassUtils::forName (251 bytes)
C2 CompilerThread1  2963 2042       4       java.lang.invoke.MethodType::makeImpl (109 bytes)
Total: 3

VM state: not at safepoint (normal execution)

VM Mutex/Monitor currently owned by a thread: None

Heap address: 0x0000000741600000, size: 3050 MB, Compressed Oops mode: Zero based, Oop shift amount: 3

CDS archive(s) mapped at: [0x000001ce80000000-0x000001ce80ba0000-0x000001ce80ba0000), size 12189696, SharedBaseAddress: 0x000001ce80000000, ArchiveRelocationMode: 1.
Compressed class space mapped at: 0x000001ce81000000-0x000001cec1000000, reserved size: 1073741824
Narrow klass base: 0x000001ce80000000, Narrow klass shift: 0, Narrow klass range: 0x100000000

GC Precious Log:
 CardTable entry size: 512
 Card Set container configuration: InlinePtr #cards 4 size 8 Array Of Cards #cards 16 size 48 Howl #buckets 8 coarsen threshold 3686 Howl Bitmap #cards 512 size 80 coarsen threshold 460 Card regions per heap region 1 cards per card region 4096
 CPUs: 4 total, 4 available
 Memory: 12197M
 Large Page Support: Disabled
 NUMA Support: Disabled
 Compressed Oops: Enabled (Zero based)
 Heap Region Size: 2M
 Heap Min Capacity: 8M
 Heap Initial Capacity: 192M
 Heap Max Capacity: 3050M
 Pre-touch: Disabled
 Parallel Workers: 4
 Concurrent Workers: 1
 Concurrent Refinement Workers: 4
 Periodic GC: Disabled

Heap:
 garbage-first heap   total 196608K, used 32426K [0x0000000741600000, 0x0000000800000000)
  region size 2048K, 14 young (28672K), 2 survivors (4096K)
 Metaspace       used 16914K, committed 17216K, reserved 1114112K
  class space    used 2087K, committed 2176K, reserved 1048576K

Heap Regions: E=young(eden), S=young(survivor), O=old, HS=humongous(starts), HC=humongous(continues), CS=collection set, F=free, TAMS=top-at-mark-start, PB=parsable bottom
|   0|0x0000000741600000, 0x0000000741800000, 0x0000000741800000|100%| O|  |TAMS 0x0000000741600000| PB 0x0000000741600000| Untracked 
|   1|0x0000000741800000, 0x0000000741a00000, 0x0000000741a00000|100%| O|  |TAMS 0x0000000741800000| PB 0x0000000741800000| Untracked 
|   2|0x0000000741a00000, 0x0000000741c00000, 0x0000000741c00000|100%| O|  |TAMS 0x0000000741a00000| PB 0x0000000741a00000| Untracked 
|   3|0x0000000741c00000, 0x0000000741c84840, 0x0000000741e00000| 25%| O|  |TAMS 0x0000000741c00000| PB 0x0000000741c00000| Untracked 
|   4|0x0000000741e00000, 0x0000000741e00000, 0x0000000742000000|  0%| F|  |TAMS 0x0000000741e00000| PB 0x0000000741e00000| Untracked 
|   5|0x0000000742000000, 0x0000000742000000, 0x0000000742200000|  0%| F|  |TAMS 0x0000000742000000| PB 0x0000000742000000| Untracked 
|   6|0x0000000742200000, 0x0000000742200000, 0x0000000742400000|  0%| F|  |TAMS 0x0000000742200000| PB 0x0000000742200000| Untracked 
|   7|0x0000000742400000, 0x0000000742400000, 0x0000000742600000|  0%| F|  |TAMS 0x0000000742400000| PB 0x0000000742400000| Untracked 
|   8|0x0000000742600000, 0x0000000742600000, 0x0000000742800000|  0%| F|  |TAMS 0x0000000742600000| PB 0x0000000742600000| Untracked 
|   9|0x0000000742800000, 0x0000000742800000, 0x0000000742a00000|  0%| F|  |TAMS 0x0000000742800000| PB 0x0000000742800000| Untracked 
|  10|0x0000000742a00000, 0x0000000742a00000, 0x0000000742c00000|  0%| F|  |TAMS 0x0000000742a00000| PB 0x0000000742a00000| Untracked 
|  11|0x0000000742c00000, 0x0000000742c00000, 0x0000000742e00000|  0%| F|  |TAMS 0x0000000742c00000| PB 0x0000000742c00000| Untracked 
|  12|0x0000000742e00000, 0x0000000742e00000, 0x0000000743000000|  0%| F|  |TAMS 0x0000000742e00000| PB 0x0000000742e00000| Untracked 
|  13|0x0000000743000000, 0x0000000743000000, 0x0000000743200000|  0%| F|  |TAMS 0x0000000743000000| PB 0x0000000743000000| Untracked 
|  14|0x0000000743200000, 0x0000000743200000, 0x0000000743400000|  0%| F|  |TAMS 0x0000000743200000| PB 0x0000000743200000| Untracked 
|  15|0x0000000743400000, 0x0000000743400000, 0x0000000743600000|  0%| F|  |TAMS 0x0000000743400000| PB 0x0000000743400000| Untracked 
|  16|0x0000000743600000, 0x0000000743600000, 0x0000000743800000|  0%| F|  |TAMS 0x0000000743600000| PB 0x0000000743600000| Untracked 
|  17|0x0000000743800000, 0x0000000743800000, 0x0000000743a00000|  0%| F|  |TAMS 0x0000000743800000| PB 0x0000000743800000| Untracked 
|  18|0x0000000743a00000, 0x0000000743a00000, 0x0000000743c00000|  0%| F|  |TAMS 0x0000000743a00000| PB 0x0000000743a00000| Untracked 
|  19|0x0000000743c00000, 0x0000000743c00000, 0x0000000743e00000|  0%| F|  |TAMS 0x0000000743c00000| PB 0x0000000743c00000| Untracked 
|  20|0x0000000743e00000, 0x0000000743e00000, 0x0000000744000000|  0%| F|  |TAMS 0x0000000743e00000| PB 0x0000000743e00000| Untracked 
|  21|0x0000000744000000, 0x0000000744000000, 0x0000000744200000|  0%| F|  |TAMS 0x0000000744000000| PB 0x0000000744000000| Untracked 
|  22|0x0000000744200000, 0x0000000744200000, 0x0000000744400000|  0%| F|  |TAMS 0x0000000744200000| PB 0x0000000744200000| Untracked 
|  23|0x0000000744400000, 0x0000000744400000, 0x0000000744600000|  0%| F|  |TAMS 0x0000000744400000| PB 0x0000000744400000| Untracked 
|  24|0x0000000744600000, 0x0000000744600000, 0x0000000744800000|  0%| F|  |TAMS 0x0000000744600000| PB 0x0000000744600000| Untracked 
|  25|0x0000000744800000, 0x0000000744800000, 0x0000000744a00000|  0%| F|  |TAMS 0x0000000744800000| PB 0x0000000744800000| Untracked 
|  26|0x0000000744a00000, 0x0000000744a00000, 0x0000000744c00000|  0%| F|  |TAMS 0x0000000744a00000| PB 0x0000000744a00000| Untracked 
|  27|0x0000000744c00000, 0x0000000744c00000, 0x0000000744e00000|  0%| F|  |TAMS 0x0000000744c00000| PB 0x0000000744c00000| Untracked 
|  28|0x0000000744e00000, 0x0000000744e00000, 0x0000000745000000|  0%| F|  |TAMS 0x0000000744e00000| PB 0x0000000744e00000| Untracked 
|  29|0x0000000745000000, 0x0000000745000000, 0x0000000745200000|  0%| F|  |TAMS 0x0000000745000000| PB 0x0000000745000000| Untracked 
|  30|0x0000000745200000, 0x0000000745200000, 0x0000000745400000|  0%| F|  |TAMS 0x0000000745200000| PB 0x0000000745200000| Untracked 
|  31|0x0000000745400000, 0x0000000745400000, 0x0000000745600000|  0%| F|  |TAMS 0x0000000745400000| PB 0x0000000745400000| Untracked 
|  32|0x0000000745600000, 0x0000000745600000, 0x0000000745800000|  0%| F|  |TAMS 0x0000000745600000| PB 0x0000000745600000| Untracked 
|  33|0x0000000745800000, 0x0000000745800000, 0x0000000745a00000|  0%| F|  |TAMS 0x0000000745800000| PB 0x0000000745800000| Untracked 
|  34|0x0000000745a00000, 0x0000000745a00000, 0x0000000745c00000|  0%| F|  |TAMS 0x0000000745a00000| PB 0x0000000745a00000| Untracked 
|  35|0x0000000745c00000, 0x0000000745c00000, 0x0000000745e00000|  0%| F|  |TAMS 0x0000000745c00000| PB 0x0000000745c00000| Untracked 
|  36|0x0000000745e00000, 0x0000000745e00000, 0x0000000746000000|  0%| F|  |TAMS 0x0000000745e00000| PB 0x0000000745e00000| Untracked 
|  37|0x0000000746000000, 0x0000000746000000, 0x0000000746200000|  0%| F|  |TAMS 0x0000000746000000| PB 0x0000000746000000| Untracked 
|  38|0x0000000746200000, 0x0000000746200000, 0x0000000746400000|  0%| F|  |TAMS 0x0000000746200000| PB 0x0000000746200000| Untracked 
|  39|0x0000000746400000, 0x0000000746400000, 0x0000000746600000|  0%| F|  |TAMS 0x0000000746400000| PB 0x0000000746400000| Untracked 
|  40|0x0000000746600000, 0x0000000746600000, 0x0000000746800000|  0%| F|  |TAMS 0x0000000746600000| PB 0x0000000746600000| Untracked 
|  41|0x0000000746800000, 0x0000000746800000, 0x0000000746a00000|  0%| F|  |TAMS 0x0000000746800000| PB 0x0000000746800000| Untracked 
|  42|0x0000000746a00000, 0x0000000746a00000, 0x0000000746c00000|  0%| F|  |TAMS 0x0000000746a00000| PB 0x0000000746a00000| Untracked 
|  43|0x0000000746c00000, 0x0000000746c00000, 0x0000000746e00000|  0%| F|  |TAMS 0x0000000746c00000| PB 0x0000000746c00000| Untracked 
|  44|0x0000000746e00000, 0x0000000746e00000, 0x0000000747000000|  0%| F|  |TAMS 0x0000000746e00000| PB 0x0000000746e00000| Untracked 
|  45|0x0000000747000000, 0x0000000747000000, 0x0000000747200000|  0%| F|  |TAMS 0x0000000747000000| PB 0x0000000747000000| Untracked 
|  46|0x0000000747200000, 0x0000000747200000, 0x0000000747400000|  0%| F|  |TAMS 0x0000000747200000| PB 0x0000000747200000| Untracked 
|  47|0x0000000747400000, 0x0000000747400000, 0x0000000747600000|  0%| F|  |TAMS 0x0000000747400000| PB 0x0000000747400000| Untracked 
|  48|0x0000000747600000, 0x0000000747600000, 0x0000000747800000|  0%| F|  |TAMS 0x0000000747600000| PB 0x0000000747600000| Untracked 
|  49|0x0000000747800000, 0x0000000747800000, 0x0000000747a00000|  0%| F|  |TAMS 0x0000000747800000| PB 0x0000000747800000| Untracked 
|  50|0x0000000747a00000, 0x0000000747a00000, 0x0000000747c00000|  0%| F|  |TAMS 0x0000000747a00000| PB 0x0000000747a00000| Untracked 
|  51|0x0000000747c00000, 0x0000000747c00000, 0x0000000747e00000|  0%| F|  |TAMS 0x0000000747c00000| PB 0x0000000747c00000| Untracked 
|  52|0x0000000747e00000, 0x0000000747e00000, 0x0000000748000000|  0%| F|  |TAMS 0x0000000747e00000| PB 0x0000000747e00000| Untracked 
|  53|0x0000000748000000, 0x0000000748000000, 0x0000000748200000|  0%| F|  |TAMS 0x0000000748000000| PB 0x0000000748000000| Untracked 
|  54|0x0000000748200000, 0x0000000748200000, 0x0000000748400000|  0%| F|  |TAMS 0x0000000748200000| PB 0x0000000748200000| Untracked 
|  55|0x0000000748400000, 0x0000000748400000, 0x0000000748600000|  0%| F|  |TAMS 0x0000000748400000| PB 0x0000000748400000| Untracked 
|  56|0x0000000748600000, 0x0000000748600000, 0x0000000748800000|  0%| F|  |TAMS 0x0000000748600000| PB 0x0000000748600000| Untracked 
|  57|0x0000000748800000, 0x0000000748800000, 0x0000000748a00000|  0%| F|  |TAMS 0x0000000748800000| PB 0x0000000748800000| Untracked 
|  58|0x0000000748a00000, 0x0000000748a00000, 0x0000000748c00000|  0%| F|  |TAMS 0x0000000748a00000| PB 0x0000000748a00000| Untracked 
|  59|0x0000000748c00000, 0x0000000748c00000, 0x0000000748e00000|  0%| F|  |TAMS 0x0000000748c00000| PB 0x0000000748c00000| Untracked 
|  60|0x0000000748e00000, 0x0000000748e00000, 0x0000000749000000|  0%| F|  |TAMS 0x0000000748e00000| PB 0x0000000748e00000| Untracked 
|  61|0x0000000749000000, 0x0000000749000000, 0x0000000749200000|  0%| F|  |TAMS 0x0000000749000000| PB 0x0000000749000000| Untracked 
|  62|0x0000000749200000, 0x0000000749200000, 0x0000000749400000|  0%| F|  |TAMS 0x0000000749200000| PB 0x0000000749200000| Untracked 
|  63|0x0000000749400000, 0x0000000749400000, 0x0000000749600000|  0%| F|  |TAMS 0x0000000749400000| PB 0x0000000749400000| Untracked 
|  64|0x0000000749600000, 0x0000000749600000, 0x0000000749800000|  0%| F|  |TAMS 0x0000000749600000| PB 0x0000000749600000| Untracked 
|  65|0x0000000749800000, 0x0000000749800000, 0x0000000749a00000|  0%| F|  |TAMS 0x0000000749800000| PB 0x0000000749800000| Untracked 
|  66|0x0000000749a00000, 0x0000000749a00000, 0x0000000749c00000|  0%| F|  |TAMS 0x0000000749a00000| PB 0x0000000749a00000| Untracked 
|  67|0x0000000749c00000, 0x0000000749c00000, 0x0000000749e00000|  0%| F|  |TAMS 0x0000000749c00000| PB 0x0000000749c00000| Untracked 
|  68|0x0000000749e00000, 0x0000000749e00000, 0x000000074a000000|  0%| F|  |TAMS 0x0000000749e00000| PB 0x0000000749e00000| Untracked 
|  69|0x000000074a000000, 0x000000074a000000, 0x000000074a200000|  0%| F|  |TAMS 0x000000074a000000| PB 0x000000074a000000| Untracked 
|  70|0x000000074a200000, 0x000000074a200000, 0x000000074a400000|  0%| F|  |TAMS 0x000000074a200000| PB 0x000000074a200000| Untracked 
|  71|0x000000074a400000, 0x000000074a400000, 0x000000074a600000|  0%| F|  |TAMS 0x000000074a400000| PB 0x000000074a400000| Untracked 
|  72|0x000000074a600000, 0x000000074a600000, 0x000000074a800000|  0%| F|  |TAMS 0x000000074a600000| PB 0x000000074a600000| Untracked 
|  73|0x000000074a800000, 0x000000074a800000, 0x000000074aa00000|  0%| F|  |TAMS 0x000000074a800000| PB 0x000000074a800000| Untracked 
|  74|0x000000074aa00000, 0x000000074aa00000, 0x000000074ac00000|  0%| F|  |TAMS 0x000000074aa00000| PB 0x000000074aa00000| Untracked 
|  75|0x000000074ac00000, 0x000000074ac00000, 0x000000074ae00000|  0%| F|  |TAMS 0x000000074ac00000| PB 0x000000074ac00000| Untracked 
|  76|0x000000074ae00000, 0x000000074ae00000, 0x000000074b000000|  0%| F|  |TAMS 0x000000074ae00000| PB 0x000000074ae00000| Untracked 
|  77|0x000000074b000000, 0x000000074b000000, 0x000000074b200000|  0%| F|  |TAMS 0x000000074b000000| PB 0x000000074b000000| Untracked 
|  78|0x000000074b200000, 0x000000074b200000, 0x000000074b400000|  0%| F|  |TAMS 0x000000074b200000| PB 0x000000074b200000| Untracked 
|  79|0x000000074b400000, 0x000000074b400000, 0x000000074b600000|  0%| F|  |TAMS 0x000000074b400000| PB 0x000000074b400000| Untracked 
|  80|0x000000074b600000, 0x000000074b600000, 0x000000074b800000|  0%| F|  |TAMS 0x000000074b600000| PB 0x000000074b600000| Untracked 
|  81|0x000000074b800000, 0x000000074b9260e0, 0x000000074ba00000| 57%| S|CS|TAMS 0x000000074b800000| PB 0x000000074b800000| Complete 
|  82|0x000000074ba00000, 0x000000074bc00000, 0x000000074bc00000|100%| S|CS|TAMS 0x000000074ba00000| PB 0x000000074ba00000| Complete 
|  83|0x000000074bc00000, 0x000000074bc00000, 0x000000074be00000|  0%| F|  |TAMS 0x000000074bc00000| PB 0x000000074bc00000| Untracked 
|  84|0x000000074be00000, 0x000000074bec4430, 0x000000074c000000| 38%| E|  |TAMS 0x000000074be00000| PB 0x000000074be00000| Complete 
|  85|0x000000074c000000, 0x000000074c200000, 0x000000074c200000|100%| E|CS|TAMS 0x000000074c000000| PB 0x000000074c000000| Complete 
|  86|0x000000074c200000, 0x000000074c400000, 0x000000074c400000|100%| E|CS|TAMS 0x000000074c200000| PB 0x000000074c200000| Complete 
|  87|0x000000074c400000, 0x000000074c600000, 0x000000074c600000|100%| E|CS|TAMS 0x000000074c400000| PB 0x000000074c400000| Complete 
|  88|0x000000074c600000, 0x000000074c800000, 0x000000074c800000|100%| E|CS|TAMS 0x000000074c600000| PB 0x000000074c600000| Complete 
|  89|0x000000074c800000, 0x000000074ca00000, 0x000000074ca00000|100%| E|CS|TAMS 0x000000074c800000| PB 0x000000074c800000| Complete 
|  90|0x000000074ca00000, 0x000000074cc00000, 0x000000074cc00000|100%| E|CS|TAMS 0x000000074ca00000| PB 0x000000074ca00000| Complete 
|  91|0x000000074cc00000, 0x000000074ce00000, 0x000000074ce00000|100%| E|CS|TAMS 0x000000074cc00000| PB 0x000000074cc00000| Complete 
|  92|0x000000074ce00000, 0x000000074d000000, 0x000000074d000000|100%| E|CS|TAMS 0x000000074ce00000| PB 0x000000074ce00000| Complete 
|  93|0x000000074d000000, 0x000000074d200000, 0x000000074d200000|100%| E|CS|TAMS 0x000000074d000000| PB 0x000000074d000000| Complete 
|  94|0x000000074d200000, 0x000000074d400000, 0x000000074d400000|100%| E|CS|TAMS 0x000000074d200000| PB 0x000000074d200000| Complete 
|  95|0x000000074d400000, 0x000000074d600000, 0x000000074d600000|100%| E|CS|TAMS 0x000000074d400000| PB 0x000000074d400000| Complete 

Card table byte_map: [0x000001ceef450000,0x000001ceefa50000] _byte_map_base: 0x000001ceeba45000

Marking Bits: (CMBitMap*) 0x000001cedccad5e0
 Bits: [0x000001ceefa50000, 0x000001cef29f8000)

Polling page: 0x000001cedc420000

Metaspace:

Usage:
  Non-class:     14.48 MB used.
      Class:      2.04 MB used.
       Both:     16.52 MB used.

Virtual space:
  Non-class space:       64.00 MB reserved,      14.69 MB ( 23%) committed,  1 nodes.
      Class space:        1.00 GB reserved,       2.12 MB ( <1%) committed,  1 nodes.
             Both:        1.06 GB reserved,      16.81 MB (  2%) committed. 

Chunk freelists:
   Non-Class:  688.00 KB
       Class:  13.81 MB
        Both:  14.48 MB

MaxMetaspaceSize: unlimited
CompressedClassSpaceSize: 1.00 GB
Initial GC threshold: 21.00 MB
Current GC threshold: 21.00 MB
CDS: on
 - commit_granule_bytes: 65536.
 - commit_granule_words: 8192.
 - virtual_space_node_default_size: 8388608.
 - enlarge_chunks_in_place: 1.
 - use_allocation_guard: 0.


Internal statistics:

num_allocs_failed_limit: 0.
num_arena_births: 300.
num_arena_deaths: 0.
num_vsnodes_births: 2.
num_vsnodes_deaths: 0.
num_space_committed: 269.
num_space_uncommitted: 0.
num_chunks_returned_to_freelist: 0.
num_chunks_taken_from_freelist: 872.
num_chunk_merges: 0.
num_chunk_splits: 575.
num_chunks_enlarged: 415.
num_inconsistent_stats: 0.

CodeHeap 'non-profiled nmethods': size=120000Kb used=779Kb max_used=779Kb free=119220Kb
 bounds [0x000001cee7920000, 0x000001cee7b90000, 0x000001ceeee50000]
CodeHeap 'profiled nmethods': size=120000Kb used=4512Kb max_used=4512Kb free=115487Kb
 bounds [0x000001cedfe50000, 0x000001cee02c0000, 0x000001cee7380000]
CodeHeap 'non-nmethods': size=5760Kb used=1425Kb max_used=1439Kb free=4334Kb
 bounds [0x000001cee7380000, 0x000001cee75f0000, 0x000001cee7920000]
 total_blobs=2845 nmethods=2329 adapters=420
 compilation: enabled
              stopped_count=0, restarted_count=0
 full_count=0

Compilation events (20 events):
Event: 2.897 Thread 0x000001cef4ebd940 nmethod 2297 0x000001cee79e0a10 code [0x000001cee79e0ba0, 0x000001cee79e0c70]
Event: 2.897 Thread 0x000001cef4ebd940 2298   !   3       jdk.internal.loader.BuiltinClassLoader$2::run (114 bytes)
Event: 2.898 Thread 0x000001cef4ebd940 nmethod 2298 0x000001cee02a4c90 code [0x000001cee02a4f40, 0x000001cee02a5d98]
Event: 2.898 Thread 0x000001cef4ebd940 2299       3       org.springframework.core.type.classreading.SimpleMethodMetadata::hashCode (8 bytes)
Event: 2.898 Thread 0x000001cef4ebd940 nmethod 2299 0x000001cee02a6290 code [0x000001cee02a6440, 0x000001cee02a6620]
Event: 2.898 Thread 0x000001cef4ebd940 2300       3       org.springframework.core.type.classreading.SimpleMethodMetadataReadingVisitor$Source::hashCode (43 bytes)
Event: 2.898 Thread 0x000001cef4ebd940 nmethod 2300 0x000001cee02a6710 code [0x000001cee02a68e0, 0x000001cee02a6ad8]
Event: 2.898 Thread 0x000001cef4ebd940 2301       3       jdk.internal.module.Resources::toPackageName (39 bytes)
Event: 2.899 Thread 0x000001cef4ebd940 nmethod 2301 0x000001cee02a6c10 code [0x000001cee02a6e40, 0x000001cee02a74b8]
Event: 2.899 Thread 0x000001cef4ebd940 2302       3       org.springframework.core.type.classreading.SimpleAnnotationMetadataReadingVisitor$$Lambda/0x000001ce8121ead0::<init> (10 bytes)
Event: 2.899 Thread 0x000001cef4ebd940 nmethod 2302 0x000001cee02a7710 code [0x000001cee02a78c0, 0x000001cee02a7a80]
Event: 2.899 Thread 0x000001cef4ebd940 2303       3       org.springframework.core.type.classreading.SimpleMethodMetadataReadingVisitor::<init> (52 bytes)
Event: 2.900 Thread 0x000001cef4ebd940 nmethod 2303 0x000001cee02a7b10 code [0x000001cee02a7d00, 0x000001cee02a81f0]
Event: 2.900 Thread 0x000001cef4ebd940 2304       3       java.lang.Boolean::valueOf (14 bytes)
Event: 2.900 Thread 0x000001cef4ebd940 nmethod 2304 0x000001cee02a8390 code [0x000001cee02a8540, 0x000001cee02a86a8]
Event: 2.902 Thread 0x000001cef4ebd940 2305       3       java.util.concurrent.ConcurrentHashMap$BaseIterator::<init> (21 bytes)
Event: 2.903 Thread 0x000001cef4ebd940 nmethod 2305 0x000001cee02a8710 code [0x000001cee02a88c0, 0x000001cee02a8aa0]
Event: 2.903 Thread 0x000001cef4ebd940 2306       3       java.lang.Character::getType (9 bytes)
Event: 2.903 Thread 0x000001cef4ebd940 nmethod 2306 0x000001cee02a8b90 code [0x000001cee02a8d40, 0x000001cee02a8f38]
Event: 2.904 Thread 0x000001cef4ebd940 2307       3       java.io.WinNTFileSystem::normalizePrefix (132 bytes)

GC Heap History (6 events):
Event: 0.570 GC heap before
{Heap before GC invocations=0 (full 0):
 garbage-first heap   total 196608K, used 12288K [0x0000000741600000, 0x0000000800000000)
  region size 2048K, 6 young (12288K), 0 survivors (0K)
 Metaspace       used 2024K, committed 2240K, reserved 1114112K
  class space    used 196K, committed 320K, reserved 1048576K
}
Event: 0.577 GC heap after
{Heap after GC invocations=1 (full 0):
 garbage-first heap   total 196608K, used 6624K [0x0000000741600000, 0x0000000800000000)
  region size 2048K, 1 young (2048K), 1 survivors (2048K)
 Metaspace       used 2024K, committed 2240K, reserved 1114112K
  class space    used 196K, committed 320K, reserved 1048576K
}
Event: 0.909 GC heap before
{Heap before GC invocations=1 (full 0):
 garbage-first heap   total 196608K, used 12768K [0x0000000741600000, 0x0000000800000000)
  region size 2048K, 4 young (8192K), 1 survivors (2048K)
 Metaspace       used 4076K, committed 4288K, reserved 1114112K
  class space    used 466K, committed 576K, reserved 1048576K
}
Event: 0.912 GC heap after
{Heap after GC invocations=2 (full 0):
 garbage-first heap   total 196608K, used 7260K [0x0000000741600000, 0x0000000800000000)
  region size 2048K, 1 young (2048K), 1 survivors (2048K)
 Metaspace       used 4076K, committed 4288K, reserved 1114112K
  class space    used 466K, committed 576K, reserved 1048576K
}
Event: 1.929 GC heap before
{Heap before GC invocations=2 (full 0):
 garbage-first heap   total 196608K, used 29788K [0x0000000741600000, 0x0000000800000000)
  region size 2048K, 13 young (26624K), 1 survivors (2048K)
 Metaspace       used 11124K, committed 11392K, reserved 1114112K
  class space    used 1352K, committed 1472K, reserved 1048576K
}
Event: 1.937 GC heap after
{Heap after GC invocations=3 (full 0):
 garbage-first heap   total 196608K, used 9898K [0x0000000741600000, 0x0000000800000000)
  region size 2048K, 2 young (4096K), 2 survivors (4096K)
 Metaspace       used 11124K, committed 11392K, reserved 1114112K
  class space    used 1352K, committed 1472K, reserved 1048576K
}

Dll operation events (7 events):
Event: 0.008 Loaded shared library C:\Users\DELL\.vscode\extensions\redhat.java-1.41.1-win32-x64\jre\21.0.6-win32-x86_64\bin\java.dll
Event: 0.041 Loaded shared library C:\Users\DELL\.vscode\extensions\redhat.java-1.41.1-win32-x64\jre\21.0.6-win32-x86_64\bin\zip.dll
Event: 0.177 Loaded shared library C:\Users\DELL\.vscode\extensions\redhat.java-1.41.1-win32-x64\jre\21.0.6-win32-x86_64\bin\net.dll
Event: 0.183 Loaded shared library C:\Users\DELL\.vscode\extensions\redhat.java-1.41.1-win32-x64\jre\21.0.6-win32-x86_64\bin\nio.dll
Event: 0.188 Loaded shared library C:\Users\DELL\.vscode\extensions\redhat.java-1.41.1-win32-x64\jre\21.0.6-win32-x86_64\bin\zip.dll
Event: 0.363 Loaded shared library C:\Users\DELL\.vscode\extensions\redhat.java-1.41.1-win32-x64\jre\21.0.6-win32-x86_64\bin\jimage.dll
Event: 2.812 Loaded shared library C:\Users\DELL\.vscode\extensions\redhat.java-1.41.1-win32-x64\jre\21.0.6-win32-x86_64\bin\sunmscapi.dll

Deoptimization events (20 events):
Event: 2.646 Thread 0x000001cefa030590 Uncommon trap: trap_request=0xffffffc6 fr.pc=0x000001cee79967f8 relative=0x0000000000000378
Event: 2.646 Thread 0x000001cefa030590 Uncommon trap: reason=bimorphic_or_optimized_type_check action=maybe_recompile pc=0x000001cee79967f8 method=java.util.HashMap.getNode(Ljava/lang/Object;)Ljava/util/HashMap$Node; @ 128 c2
Event: 2.646 Thread 0x000001cefa030590 DEOPT PACKING pc=0x000001cee79967f8 sp=0x00000047ec5fcb40
Event: 2.646 Thread 0x000001cefa030590 DEOPT UNPACKING pc=0x000001cee73d46a2 sp=0x00000047ec5fcab8 mode 2
Event: 2.855 Thread 0x000001cedaa86700 Uncommon trap: trap_request=0xffffffc6 fr.pc=0x000001cee79b8ca0 relative=0x00000000000008e0
Event: 2.855 Thread 0x000001cedaa86700 Uncommon trap: reason=bimorphic_or_optimized_type_check action=maybe_recompile pc=0x000001cee79b8ca0 method=java.util.HashMap.putVal(ILjava/lang/Object;Ljava/lang/Object;ZZ)Ljava/lang/Object; @ 91 c2
Event: 2.855 Thread 0x000001cedaa86700 DEOPT PACKING pc=0x000001cee79b8ca0 sp=0x00000047eaffebb0
Event: 2.855 Thread 0x000001cedaa86700 DEOPT UNPACKING pc=0x000001cee73d46a2 sp=0x00000047eaffeac0 mode 2
Event: 2.855 Thread 0x000001cedaa86700 Uncommon trap: trap_request=0xffffffc6 fr.pc=0x000001cee79b8ca0 relative=0x00000000000008e0
Event: 2.855 Thread 0x000001cedaa86700 Uncommon trap: reason=bimorphic_or_optimized_type_check action=maybe_recompile pc=0x000001cee79b8ca0 method=java.util.HashMap.putVal(ILjava/lang/Object;Ljava/lang/Object;ZZ)Ljava/lang/Object; @ 91 c2
Event: 2.855 Thread 0x000001cedaa86700 DEOPT PACKING pc=0x000001cee79b8ca0 sp=0x00000047eaffebb0
Event: 2.855 Thread 0x000001cedaa86700 DEOPT UNPACKING pc=0x000001cee73d46a2 sp=0x00000047eaffeac0 mode 2
Event: 2.855 Thread 0x000001cedaa86700 Uncommon trap: trap_request=0xffffffc6 fr.pc=0x000001cee79b8ca0 relative=0x00000000000008e0
Event: 2.855 Thread 0x000001cedaa86700 Uncommon trap: reason=bimorphic_or_optimized_type_check action=maybe_recompile pc=0x000001cee79b8ca0 method=java.util.HashMap.putVal(ILjava/lang/Object;Ljava/lang/Object;ZZ)Ljava/lang/Object; @ 91 c2
Event: 2.855 Thread 0x000001cedaa86700 DEOPT PACKING pc=0x000001cee79b8ca0 sp=0x00000047eaffebb0
Event: 2.855 Thread 0x000001cedaa86700 DEOPT UNPACKING pc=0x000001cee73d46a2 sp=0x00000047eaffeac0 mode 2
Event: 2.855 Thread 0x000001cedaa86700 Uncommon trap: trap_request=0xffffffc6 fr.pc=0x000001cee79b8ca0 relative=0x00000000000008e0
Event: 2.855 Thread 0x000001cedaa86700 Uncommon trap: reason=bimorphic_or_optimized_type_check action=maybe_recompile pc=0x000001cee79b8ca0 method=java.util.HashMap.putVal(ILjava/lang/Object;Ljava/lang/Object;ZZ)Ljava/lang/Object; @ 91 c2
Event: 2.855 Thread 0x000001cedaa86700 DEOPT PACKING pc=0x000001cee79b8ca0 sp=0x00000047eaffebb0
Event: 2.855 Thread 0x000001cedaa86700 DEOPT UNPACKING pc=0x000001cee73d46a2 sp=0x00000047eaffeac0 mode 2

Classes loaded (20 events):
Event: 2.817 Loading class java/security/AuthProvider
Event: 2.817 Loading class java/security/AuthProvider done
Event: 2.818 Loading class java/security/PrivilegedActionException
Event: 2.818 Loading class java/security/PrivilegedActionException done
Event: 2.820 Loading class javax/security/auth/login/FailedLoginException
Event: 2.820 Loading class javax/security/auth/login/FailedLoginException done
Event: 2.820 Loading class javax/security/auth/Subject
Event: 2.821 Loading class javax/security/auth/Subject done
Event: 2.821 Loading class javax/security/auth/callback/CallbackHandler
Event: 2.821 Loading class javax/security/auth/callback/CallbackHandler done
Event: 2.847 Loading class com/sun/security/sasl/Provider
Event: 2.847 Loading class com/sun/security/sasl/Provider done
Event: 2.848 Loading class com/sun/security/sasl/Provider$1
Event: 2.848 Loading class com/sun/security/sasl/Provider$1 done
Event: 2.849 Loading class com/sun/security/sasl/Provider$ProviderService
Event: 2.849 Loading class com/sun/security/sasl/Provider$ProviderService done
Event: 2.849 Loading class sun/security/provider/certpath/ldap/JdkLDAP
Event: 2.849 Loading class sun/security/provider/certpath/ldap/JdkLDAP done
Event: 2.851 Loading class sun/security/provider/certpath/ldap/JdkLDAP$ProviderService
Event: 2.851 Loading class sun/security/provider/certpath/ldap/JdkLDAP$ProviderService done

Classes unloaded (0 events):
No events

Classes redefined (0 events):
No events

Internal exceptions (20 events):
Event: 1.358 Thread 0x000001cedaa86700 Exception <a 'java/lang/NoSuchMethodError'{0x000000074cb3fb70}: 'void java.lang.invoke.DirectMethodHandle$Holder.invokeStaticInit(java.lang.Object, java.lang.Object, java.lang.Object)'> (0x000000074cb3fb70) 
thrown [s\src\hotspot\share\interpreter\linkResolver.cpp, line 773]
Event: 1.368 Thread 0x000001cedaa86700 Exception <a 'java/lang/NoSuchMethodError'{0x000000074cb87890}: 'java.lang.Object java.lang.invoke.DirectMethodHandle$Holder.invokeVirtual(java.lang.Object, java.lang.Object, java.lang.Object)'> (0x000000074cb87890) 
thrown [s\src\hotspot\share\interpreter\linkResolver.cpp, line 773]
Event: 1.407 Thread 0x000001cedaa86700 Exception <a 'java/lang/NoSuchMethodError'{0x000000074c826950}: 'void java.lang.invoke.DirectMethodHandle$Holder.invokeVirtual(java.lang.Object, java.lang.Object, java.lang.Object, java.lang.Object)'> (0x000000074c826950) 
thrown [s\src\hotspot\share\interpreter\linkResolver.cpp, line 773]
Event: 1.511 Thread 0x000001cedaa86700 Exception <a 'java/lang/NoSuchMethodError'{0x000000074c636ab0}: 'void java.lang.invoke.DirectMethodHandle$Holder.invokeSpecial(java.lang.Object, java.lang.Object, java.lang.Object)'> (0x000000074c636ab0) 
thrown [s\src\hotspot\share\interpreter\linkResolver.cpp, line 773]
Event: 1.523 Thread 0x000001cedaa86700 Exception <a 'java/lang/NoSuchMethodError'{0x000000074c69dec8}: 'java.lang.reflect.Field[] java.lang.Class.getDeclaredFields(java.lang.Class)'> (0x000000074c69dec8) 
thrown [s\src\hotspot\share\interpreter\linkResolver.cpp, line 773]
Event: 1.527 Thread 0x000001cefa030590 Exception <a 'java/lang/NoClassDefFoundError'{0x000000074c66e308}: jakarta/validation/Validation> (0x000000074c66e308) 
thrown [s\src\hotspot\share\classfile\systemDictionary.cpp, line 301]
Event: 1.527 Thread 0x000001cedaa86700 Exception <a 'java/lang/NoSuchMethodError'{0x000000074c6a2b38}: 'java.lang.Object java.lang.invoke.DirectMethodHandle$Holder.invokeStatic(java.lang.Object, java.lang.Object, int)'> (0x000000074c6a2b38) 
thrown [s\src\hotspot\share\interpreter\linkResolver.cpp, line 773]
Event: 1.530 Thread 0x000001cedaa86700 Exception <a 'java/lang/NoSuchMethodError'{0x000000074c6adcd8}: 'void java.lang.invoke.DelegatingMethodHandle$Holder.delegate(java.lang.Object, java.lang.Object, int, java.lang.Object)'> (0x000000074c6adcd8) 
thrown [s\src\hotspot\share\interpreter\linkResolver.cpp, line 773]
Event: 1.554 Thread 0x000001cedaa86700 Exception <a 'java/lang/IncompatibleClassChangeError'{0x000000074c413a48}: Found class java.lang.Object, but interface was expected> (0x000000074c413a48) 
thrown [s\src\hotspot\share\interpreter\linkResolver.cpp, line 840]
Event: 1.574 Thread 0x000001cedaa86700 Exception <a 'java/lang/NoSuchMethodError'{0x000000074c428768}: 'java.lang.Object java.lang.invoke.DirectMethodHandle$Holder.invokeStaticInit(java.lang.Object, int)'> (0x000000074c428768) 
thrown [s\src\hotspot\share\interpreter\linkResolver.cpp, line 773]
Event: 1.578 Thread 0x000001cedaa86700 Exception <a 'java/lang/NoSuchMethodError'{0x000000074c432bc8}: 'java.lang.Object java.lang.invoke.DirectMethodHandle$Holder.invokeStatic(java.lang.Object, int, java.lang.Object)'> (0x000000074c432bc8) 
thrown [s\src\hotspot\share\interpreter\linkResolver.cpp, line 773]
Event: 1.579 Thread 0x000001cedaa86700 Exception <a 'java/lang/NoSuchMethodError'{0x000000074c436258}: 'java.lang.Object java.lang.invoke.DirectMethodHandle$Holder.invokeStaticInit(java.lang.Object, int, java.lang.Object)'> (0x000000074c436258) 
thrown [s\src\hotspot\share\interpreter\linkResolver.cpp, line 773]
Event: 2.318 Thread 0x000001cefa030590 Exception <a 'java/lang/NoSuchMethodError'{0x000000074c6303a8}: 'long java.lang.invoke.DirectMethodHandle$Holder.invokeSpecial(java.lang.Object, java.lang.Object)'> (0x000000074c6303a8) 
thrown [s\src\hotspot\share\interpreter\linkResolver.cpp, line 773]
Event: 2.321 Thread 0x000001cefa030590 Exception <a 'java/lang/NoSuchMethodError'{0x000000074c639f68}: 'long java.lang.invoke.DirectMethodHandle$Holder.invokeStatic(java.lang.Object, java.lang.Object)'> (0x000000074c639f68) 
thrown [s\src\hotspot\share\interpreter\linkResolver.cpp, line 773]
Event: 2.321 Thread 0x000001cefa030590 Exception <a 'java/lang/NoSuchMethodError'{0x000000074c63d060}: 'long java.lang.invoke.DirectMethodHandle$Holder.invokeStaticInit(java.lang.Object, java.lang.Object)'> (0x000000074c63d060) 
thrown [s\src\hotspot\share\interpreter\linkResolver.cpp, line 773]
Event: 2.325 Thread 0x000001cefa030590 Exception <a 'java/lang/NoSuchMethodError'{0x000000074c6ab718}: 'long java.lang.invoke.DirectMethodHandle$Holder.invokeInterface(java.lang.Object, java.lang.Object)'> (0x000000074c6ab718) 
thrown [s\src\hotspot\share\interpreter\linkResolver.cpp, line 773]
Event: 2.326 Thread 0x000001cefa030590 Exception <a 'java/lang/IncompatibleClassChangeError'{0x000000074c6ae738}: Found class java.lang.Object, but interface was expected> (0x000000074c6ae738) 
thrown [s\src\hotspot\share\interpreter\linkResolver.cpp, line 840]
Event: 2.333 Thread 0x000001cefa030590 Exception <a 'java/lang/NoSuchMethodError'{0x000000074c6c3cf8}: 'java.lang.Object java.lang.invoke.DirectMethodHandle$Holder.invokeVirtual(java.lang.Object, java.lang.Object, java.lang.Object, java.lang.Object)'> (0x000000074c6c3cf8) 
thrown [s\src\hotspot\share\interpreter\linkResolver.cpp, line 773]
Event: 2.337 Thread 0x000001cedaa86700 Exception <a 'java/lang/NoSuchMethodError'{0x000000074c67c860}: 'int java.lang.invoke.DirectMethodHandle$Holder.invokeSpecial(java.lang.Object, java.lang.Object, java.lang.Object, java.lang.Object, java.lang.Object)'> (0x000000074c67c860) 
thrown [s\src\hotspot\share\interpreter\linkResolver.cpp, line 773]
Event: 2.345 Thread 0x000001cedaa86700 Exception <a 'java/lang/NoSuchMethodError'{0x000000074c684ef8}: 'void java.lang.invoke.DirectMethodHandle$Holder.invokeVirtual(java.lang.Object, java.lang.Object)'> (0x000000074c684ef8) 
thrown [s\src\hotspot\share\interpreter\linkResolver.cpp, line 773]

ZGC Phase Switch (0 events):
No events

VM Operations (20 events):
Event: 1.508 Executing VM operation: HandshakeAllThreads (Deoptimize)
Event: 1.508 Executing VM operation: HandshakeAllThreads (Deoptimize) done
Event: 1.523 Executing VM operation: ICBufferFull
Event: 1.524 Executing VM operation: ICBufferFull done
Event: 1.526 Executing VM operation: HandshakeAllThreads (Deoptimize)
Event: 1.526 Executing VM operation: HandshakeAllThreads (Deoptimize) done
Event: 1.582 Executing VM operation: HandshakeAllThreads (Deoptimize)
Event: 1.582 Executing VM operation: HandshakeAllThreads (Deoptimize) done
Event: 1.890 Executing VM operation: HandshakeAllThreads (Deoptimize)
Event: 1.891 Executing VM operation: HandshakeAllThreads (Deoptimize) done
Event: 1.929 Executing VM operation: G1CollectForAllocation (G1 Evacuation Pause)
Event: 1.937 Executing VM operation: G1CollectForAllocation (G1 Evacuation Pause) done
Event: 2.291 Executing VM operation: HandshakeAllThreads (Deoptimize)
Event: 2.291 Executing VM operation: HandshakeAllThreads (Deoptimize) done
Event: 2.469 Executing VM operation: HandshakeAllThreads (Deoptimize)
Event: 2.485 Executing VM operation: HandshakeAllThreads (Deoptimize) done
Event: 2.641 Executing VM operation: HandshakeAllThreads (Deoptimize)
Event: 2.642 Executing VM operation: HandshakeAllThreads (Deoptimize) done
Event: 2.823 Executing VM operation: ICBufferFull
Event: 2.823 Executing VM operation: ICBufferFull done

Memory protections (0 events):
No events

Nmethod flushes (0 events):
No events

Events (16 events):
Event: 0.024 Thread 0x000001cedaa86700 Thread added: 0x000001cedaa86700
Event: 0.043 Thread 0x000001cedaa86700 Thread added: 0x000001cef4ea2390
Event: 0.043 Thread 0x000001cedaa86700 Thread added: 0x000001cef4ea5000
Event: 0.044 Thread 0x000001cedaa86700 Thread added: 0x000001cef4ea68f0
Event: 0.044 Thread 0x000001cedaa86700 Thread added: 0x000001cef4ea9350
Event: 0.044 Thread 0x000001cedaa86700 Thread added: 0x000001cef4eabdb0
Event: 0.044 Thread 0x000001cedaa86700 Thread added: 0x000001cef4eac800
Event: 0.044 Thread 0x000001cedaa86700 Thread added: 0x000001cef4ebaaa0
Event: 0.044 Thread 0x000001cedaa86700 Thread added: 0x000001cef4ebd940
Event: 0.158 Thread 0x000001cedaa86700 Thread added: 0x000001cef90cb0a0
Event: 0.164 Thread 0x000001cedaa86700 Thread added: 0x000001cef90d68b0
Event: 0.283 Thread 0x000001cef4ebaaa0 Thread added: 0x000001cef90cec00
Event: 1.517 Thread 0x000001cedaa86700 Thread added: 0x000001cefa030590
Event: 1.722 Thread 0x000001cef90cec00 Thread exited: 0x000001cef90cec00
Event: 1.796 Thread 0x000001cef4ebd940 Thread added: 0x000001cef9cba200
Event: 2.854 Thread 0x000001cefa030590 Thread exited: 0x000001cefa030590


Dynamic libraries:
0x00007ff724de0000 - 0x00007ff724dee000 	C:\Users\DELL\.vscode\extensions\redhat.java-1.41.1-win32-x64\jre\21.0.6-win32-x86_64\bin\java.exe
0x00007ffd9a670000 - 0x00007ffd9a868000 	C:\Windows\SYSTEM32\ntdll.dll
0x00007ffd9a080000 - 0x00007ffd9a142000 	C:\Windows\System32\KERNEL32.DLL
0x00007ffd98170000 - 0x00007ffd98466000 	C:\Windows\System32\KERNELBASE.dll
0x00007ffd98590000 - 0x00007ffd98690000 	C:\Windows\System32\ucrtbase.dll
0x00007ffd92620000 - 0x00007ffd9263e000 	C:\Users\DELL\.vscode\extensions\redhat.java-1.41.1-win32-x64\jre\21.0.6-win32-x86_64\bin\VCRUNTIME140.dll
0x00007ffd92640000 - 0x00007ffd92658000 	C:\Users\DELL\.vscode\extensions\redhat.java-1.41.1-win32-x64\jre\21.0.6-win32-x86_64\bin\jli.dll
0x00007ffd9a460000 - 0x00007ffd9a5fd000 	C:\Windows\System32\USER32.dll
0x00007ffd8ab20000 - 0x00007ffd8adba000 	C:\Windows\WinSxS\amd64_microsoft.windows.common-controls_6595b64144ccf1df_6.0.19041.4355_none_60b8b9eb71f62e16\COMCTL32.dll
0x00007ffd99410000 - 0x00007ffd994ae000 	C:\Windows\System32\msvcrt.dll
0x00007ffd9a430000 - 0x00007ffd9a45b000 	C:\Windows\System32\GDI32.dll
0x00007ffd98560000 - 0x00007ffd98582000 	C:\Windows\System32\win32u.dll
0x00007ffd97f20000 - 0x00007ffd9803a000 	C:\Windows\System32\gdi32full.dll
0x00007ffd984c0000 - 0x00007ffd9855d000 	C:\Windows\System32\msvcp_win.dll
0x00007ffd9a600000 - 0x00007ffd9a62f000 	C:\Windows\System32\IMM32.DLL
0x00007ffd866a0000 - 0x00007ffd866ac000 	C:\Users\DELL\.vscode\extensions\redhat.java-1.41.1-win32-x64\jre\21.0.6-win32-x86_64\bin\vcruntime140_1.dll
0x00007ffd472f0000 - 0x00007ffd4737d000 	C:\Users\DELL\.vscode\extensions\redhat.java-1.41.1-win32-x64\jre\21.0.6-win32-x86_64\bin\msvcp140.dll
0x00007ffd1c5f0000 - 0x00007ffd1d380000 	C:\Users\DELL\.vscode\extensions\redhat.java-1.41.1-win32-x64\jre\21.0.6-win32-x86_64\bin\server\jvm.dll
0x00007ffd98c30000 - 0x00007ffd98cdf000 	C:\Windows\System32\ADVAPI32.dll
0x00007ffd988a0000 - 0x00007ffd9893f000 	C:\Windows\System32\sechost.dll
0x00007ffd989f0000 - 0x00007ffd98b13000 	C:\Windows\System32\RPCRT4.dll
0x00007ffd97ef0000 - 0x00007ffd97f17000 	C:\Windows\System32\bcrypt.dll
0x00007ffd99310000 - 0x00007ffd9937b000 	C:\Windows\System32\WS2_32.dll
0x00007ffd8a890000 - 0x00007ffd8a8b7000 	C:\Windows\SYSTEM32\WINMM.dll
0x00007ffd91360000 - 0x00007ffd9136a000 	C:\Windows\SYSTEM32\VERSION.dll
0x00007ffd97290000 - 0x00007ffd972db000 	C:\Windows\SYSTEM32\POWRPROF.dll
0x00007ffd97100000 - 0x00007ffd97112000 	C:\Windows\SYSTEM32\UMPDC.dll
0x00007ffd95b80000 - 0x00007ffd95b92000 	C:\Windows\SYSTEM32\kernel.appcore.dll
0x00007ffd802e0000 - 0x00007ffd802ea000 	C:\Users\DELL\.vscode\extensions\redhat.java-1.41.1-win32-x64\jre\21.0.6-win32-x86_64\bin\jimage.dll
0x00007ffd8fe30000 - 0x00007ffd90014000 	C:\Windows\SYSTEM32\DBGHELP.DLL
0x00007ffd8fd60000 - 0x00007ffd8fd94000 	C:\Windows\SYSTEM32\dbgcore.DLL
0x00007ffd97d00000 - 0x00007ffd97d82000 	C:\Windows\System32\bcryptPrimitives.dll
0x00007ffd800b0000 - 0x00007ffd800cf000 	C:\Users\DELL\.vscode\extensions\redhat.java-1.41.1-win32-x64\jre\21.0.6-win32-x86_64\bin\java.dll
0x00007ffd99900000 - 0x00007ffd9a06f000 	C:\Windows\System32\SHELL32.dll
0x00007ffd95d80000 - 0x00007ffd96523000 	C:\Windows\SYSTEM32\windows.storage.dll
0x00007ffd99540000 - 0x00007ffd99895000 	C:\Windows\System32\combase.dll
0x00007ffd97730000 - 0x00007ffd9775b000 	C:\Windows\SYSTEM32\Wldp.dll
0x00007ffd9a360000 - 0x00007ffd9a42d000 	C:\Windows\System32\OLEAUT32.dll
0x00007ffd98b80000 - 0x00007ffd98c2d000 	C:\Windows\System32\SHCORE.dll
0x00007ffd9a300000 - 0x00007ffd9a355000 	C:\Windows\System32\shlwapi.dll
0x00007ffd97c30000 - 0x00007ffd97c55000 	C:\Windows\SYSTEM32\profapi.dll
0x00007ffd76e80000 - 0x00007ffd76e98000 	C:\Users\DELL\.vscode\extensions\redhat.java-1.41.1-win32-x64\jre\21.0.6-win32-x86_64\bin\zip.dll
0x00007ffd7b570000 - 0x00007ffd7b580000 	C:\Users\DELL\.vscode\extensions\redhat.java-1.41.1-win32-x64\jre\21.0.6-win32-x86_64\bin\net.dll
0x00007ffd901a0000 - 0x00007ffd902aa000 	C:\Windows\SYSTEM32\WINHTTP.dll
0x00007ffd97490000 - 0x00007ffd974fc000 	C:\Windows\system32\mswsock.dll
0x00007ffd76d50000 - 0x00007ffd76d66000 	C:\Users\DELL\.vscode\extensions\redhat.java-1.41.1-win32-x64\jre\21.0.6-win32-x86_64\bin\nio.dll
0x00007ffd76ad0000 - 0x00007ffd76ade000 	C:\Users\DELL\.vscode\extensions\redhat.java-1.41.1-win32-x64\jre\21.0.6-win32-x86_64\bin\sunmscapi.dll
0x00007ffd97d90000 - 0x00007ffd97eed000 	C:\Windows\System32\CRYPT32.dll
0x00007ffd977a0000 - 0x00007ffd977c7000 	C:\Windows\SYSTEM32\ncrypt.dll
0x00007ffd97760000 - 0x00007ffd9779b000 	C:\Windows\SYSTEM32\NTASN1.dll

dbghelp: loaded successfully - version: 4.0.5 - missing functions: none
symbol engine: initialized successfully - sym options: 0x614 - pdb path: .;C:\Users\DELL\.vscode\extensions\redhat.java-1.41.1-win32-x64\jre\21.0.6-win32-x86_64\bin;C:\Windows\SYSTEM32;C:\Windows\WinSxS\amd64_microsoft.windows.common-controls_6595b64144ccf1df_6.0.19041.4355_none_60b8b9eb71f62e16;C:\Users\DELL\.vscode\extensions\redhat.java-1.41.1-win32-x64\jre\21.0.6-win32-x86_64\bin\server

VM Arguments:
jvm_args: -XX:+ShowCodeDetailsInExceptionMessages 
java_command: com.paf.skillcraft.skill_craft.SkillCraftApplication
java_class_path (initial): C:\Users\DELL\Documents\GitHub\Skill_Craft\skill-craft\target\classes;C:\Users\DELL\.m2\repository\org\springframework\boot\spring-boot-starter-web\3.4.4\spring-boot-starter-web-3.4.4.jar;C:\Users\DELL\.m2\repository\org\springframework\boot\spring-boot-starter\3.4.4\spring-boot-starter-3.4.4.jar;C:\Users\DELL\.m2\repository\org\springframework\boot\spring-boot\3.4.4\spring-boot-3.4.4.jar;C:\Users\DELL\.m2\repository\org\springframework\boot\spring-boot-autoconfigure\3.4.4\spring-boot-autoconfigure-3.4.4.jar;C:\Users\DELL\.m2\repository\org\springframework\boot\spring-boot-starter-logging\3.4.4\spring-boot-starter-logging-3.4.4.jar;C:\Users\DELL\.m2\repository\ch\qos\logback\logback-classic\1.5.18\logback-classic-1.5.18.jar;C:\Users\DELL\.m2\repository\ch\qos\logback\logback-core\1.5.18\logback-core-1.5.18.jar;C:\Users\DELL\.m2\repository\org\apache\logging\log4j\log4j-to-slf4j\2.24.3\log4j-to-slf4j-2.24.3.jar;C:\Users\DELL\.m2\repository\org\apache\logging\log4j\log4j-api\2.24.3\log4j-api-2.24.3.jar;C:\Users\DELL\.m2\repository\org\slf4j\jul-to-slf4j\2.0.17\jul-to-slf4j-2.0.17.jar;C:\Users\DELL\.m2\repository\jakarta\annotation\jakarta.annotation-api\2.1.1\jakarta.annotation-api-2.1.1.jar;C:\Users\DELL\.m2\repository\org\yaml\snakeyaml\2.3\snakeyaml-2.3.jar;C:\Users\DELL\.m2\repository\org\springframework\boot\spring-boot-starter-json\3.4.4\spring-boot-starter-json-3.4.4.jar;C:\Users\DELL\.m2\repository\com\fasterxml\jackson\core\jackson-databind\2.18.3\jackson-databind-2.18.3.jar;C:\Users\DELL\.m2\repository\com\fasterxml\jackson\core\jackson-annotations\2.18.3\jackson-annotations-2.18.3.jar;C:\Users\DELL\.m2\repository\com\fasterxml\jackson\core\jackson-core\2.18.3\jackson-core-2.18.3.jar;C:\Users\DELL\.m2\repository\com\fasterxml\jackson\datatype\jackson-datatype-jdk8\2.18.3\jackson-datatype-jdk8-2.18.3.jar;C:\Users\DELL\.m2\repository\com\fasterxml\jackson\datatype\jackson-datatype-jsr310\2.18.3\jackson-datatype-jsr310-2.18.3.jar;C:\Users\DELL\.m2\repository\com\fasterxml\jackson\module\jackson-module-parameter-names\2.18.3\jackson-module-parameter-names-2.18.3.jar;C:\Users\DELL\.m2\repository\org\springframework\boot\spring-boot-starter-tomcat\3.4.4\spring-boot-starter-tomcat-3.4.4.jar;C:\Users\DELL\.m2\repository\org\apache\tomcat\embed\tomcat-embed-core\10.1.39\tomcat-embed-core-10.1.39.jar;C:\Users\DELL\.m2\repository\org\apache\tomcat\embed\tomcat-embed-el\10.1.39\tomcat-embed-el-10.1.39.jar;C:\Users\DELL\.m2\repository\org\apache\tomcat\embed\tomcat-embed-websocket\10.1.39\tomcat-embed-websocket-10.1.39.jar;C:\Users\DELL\.m2\repository\org\springframework\spring-web\6.2.5\spring-web-6.2.5.jar;C:\Users\DELL\.m2\repository\org\springframework\spring-beans\6.2.5\spring-beans-6.2.5.jar;C:\Users\DELL\.m2\repository\io\micrometer\micrometer-observation\1.14.5\micrometer-observation-1.14.5.jar;C:\Users\DELL\.m2\repository\io\micrometer\micrometer-commons\1.14.5\micrometer-commons-1.14.5.jar;C:\Users\DELL\.m2\repository\org\springframework\spring-webmvc\6.2.5\spring-webmvc-6.2.5.jar;C:\Users\DELL\.m2\repository\org\springframework\spring-context\6.2.5\spring-context-6.2.5.jar;C:\Users\DELL\.m2\repository\org\springframework\spring-expression\6.2.5\spring-expression-6.2.5.jar;C:\Users\DELL\.m2\repository\org\springframework\boot\spring-boot-starter-security\3.4.4\spring-boot-starter-security-3.4.4.jar;C:\Users\DELL\.m2\repository\org\springframework\spring-aop\6.2.5\spring-aop-6.2.5.jar;C:\Users\DELL\.m2\repository\org\springframework\security\spring-security-config\6.4.4\spring-security-config-6.4.4.jar;C:\Users\DELL\.m2\repository\org\springframework\security\spring-security-core\6.4.4\spring-security-core-6.4.4.jar;C:\Users\DELL\.m2\repository\org\springframework\security\spring-security-crypto\6.4.4\spring-security-crypto-6.4.4.jar;C:\Users\DELL\.m2\repository\org\springframework\security\spring-security-web\6.4.4\spring-security-web-6.4.4.jar;C:\Users\DELL\.m2\repository\org\projectlombok\lombok\1.18.36\lombok-1.18.36.jar;C:\Users\DELL\.m2\repository\org\slf4j\slf4j-api\2.0.17\slf4j-api-2.0.17.jar;C:\Users\DELL\.m2\repository\jakarta\xml\bind\jakarta.xml.bind-api\4.0.2\jakarta.xml.bind-api-4.0.2.jar;C:\Users\DELL\.m2\repository\jakarta\activation\jakarta.activation-api\2.1.3\jakarta.activation-api-2.1.3.jar;C:\Users\DELL\.m2\repository\net\bytebuddy\byte-buddy\1.15.11\byte-buddy-1.15.11.jar;C:\Users\DELL\.m2\repository\org\springframework\spring-core\6.2.5\spring-core-6.2.5.jar;C:\Users\DELL\.m2\repository\org\springframework\spring-jcl\6.2.5\spring-jcl-6.2.5.jar;C:\Users\DELL\.m2\repository\org\springframework\boot\spring-boot-starter-data-jpa\3.4.4\spring-boot-starter-data-jpa-3.4.4.jar;C:\Users\DELL\.m2\repository\org\springframework\boot\spring-boot-starter-jdbc\3.4.4\spring-boot-starter-jdbc-3.4.4.jar;C:\Users\DELL\.m2\repository\com\zaxxer\HikariCP\5.1.0\HikariCP-5.1.0.jar;C:\Users\DELL\.m2\repository\org\springframework\spring-jdbc\6.2.5\spring-jdbc-6.2.5.jar;C:\Users\DELL\.m2\repository\org\hibernate\orm\hibernate-core\6.6.11.Final\hibernate-core-6.6.11.Final.jar;C:\Users\DELL\.m2\repository\jakarta\persistence\jakarta.persistence-api\3.1.0\jakarta.persistence-api-3.1.0.jar;C:\Users\DELL\.m2\repository\jakarta\transaction\jakarta.transaction-api\2.0.1\jakarta.transaction-api-2.0.1.jar;C:\Users\DELL\.m2\repository\org\jboss\logging\jboss-logging\3.6.1.Final\jboss-logging-3.6.1.Final.jar;C:\Users\DELL\.m2\repository\org\hibernate\common\hibernate-commons-annotations\7.0.3.Final\hibernate-commons-annotations-7.0.3.Final.jar;C:\Users\DELL\.m2\repository\io\smallrye\jandex\3.2.0\jandex-3.2.0.jar;C:\Users\DELL\.m2\repository\com\fasterxml\classmate\1.7.0\classmate-1.7.0.jar;C:\Users\DELL\.m2\repository\org\glassfish\jaxb\jaxb-runtime\4.0.5\jaxb-runtime-4.0.5.jar;C:\Users\DELL\.m2\repository\org\glassfish\jaxb\jaxb-core\4.0.5\jaxb-core-4.0.5.jar;C:\Users\DELL\.m2\repository\org\eclipse\angus\angus-activation\2.0.2\angus-activation-2.0.2.jar;C:\Users\DELL\.m2\repository\org\glassfish\jaxb\txw2\4.0.5\txw2-4.0.5.jar;C:\Users\DELL\.m2\repository\com\sun\istack\istack-commons-runtime\4.1.2\istack-commons-runtime-4.1.2.jar;C:\Users\DELL\.m2\repository\jakarta\inject\jakarta.inject-api\2.0.1\jakarta.inject-api-2.0.1.jar;C:\Users\DELL\.m2\repository\org\antlr\antlr4-runtime\4.13.0\antlr4-runtime-4.13.0.jar;C:\Users\DELL\.m2\repository\org\springframework\data\spring-data-jpa\3.4.4\spring-data-jpa-3.4.4.jar;C:\Users\DELL\.m2\repository\org\springframework\data\spring-data-commons\3.4.4\spring-data-commons-3.4.4.jar;C:\Users\DELL\.m2\repository\org\springframework\spring-orm\6.2.5\spring-orm-6.2.5.jar;C:\Users\DELL\.m2\repository\org\springframework\spring-tx\6.2.5\spring-tx-6.2.5.jar;C:\Users\DELL\.m2\repository\org\springframework\spring-aspects\6.2.5\spring-aspects-6.2.5.jar;C:\Users\DELL\.m2\repository\org\aspectj\aspectjweaver\1.9.23\aspectjweaver-1.9.23.jar;C:\Users\DELL\.m2\repository\org\springframework\boot\spring-boot-starter-data-mongodb\3.4.4\spring-boot-starter-data-mongodb-3.4.4.jar;C:\Users\DELL\.m2\repository\org\mongodb\mongodb-driver-sync\5.2.1\mongodb-driver-sync-5.2.1.jar;C:\Users\DELL\.m2\repository\org\mongodb\bson\5.2.1\bson-5.2.1.jar;C:\Users\DELL\.m2\repository\org\mongodb\mongodb-driver-core\5.2.1\mongodb-driver-core-5.2.1.jar;C:\Users\DELL\.m2\repository\org\mongodb\bson-record-codec\5.2.1\bson-record-codec-5.2.1.jar;C:\Users\DELL\.m2\repository\org\springframework\data\spring-data-mongodb\4.4.4\spring-data-mongodb-4.4.4.jar
Launcher Type: SUN_STANDARD

[Global flags]
     intx CICompilerCount                          = 3                                         {product} {ergonomic}
     uint ConcGCThreads                            = 1                                         {product} {ergonomic}
     uint G1ConcRefinementThreads                  = 4                                         {product} {ergonomic}
   size_t G1HeapRegionSize                         = 2097152                                   {product} {ergonomic}
    uintx GCDrainStackTargetSize                   = 64                                        {product} {ergonomic}
   size_t InitialHeapSize                          = 201326592                                 {product} {ergonomic}
   size_t MarkStackSize                            = 4194304                                   {product} {ergonomic}
   size_t MaxHeapSize                              = 3198156800                                {product} {ergonomic}
   size_t MaxNewSize                               = 1918894080                                {product} {ergonomic}
   size_t MinHeapDeltaBytes                        = 2097152                                   {product} {ergonomic}
   size_t MinHeapSize                              = 8388608                                   {product} {ergonomic}
    uintx NonNMethodCodeHeapSize                   = 5832780                                {pd product} {ergonomic}
    uintx NonProfiledCodeHeapSize                  = 122912730                              {pd product} {ergonomic}
    uintx ProfiledCodeHeapSize                     = 122912730                              {pd product} {ergonomic}
    uintx ReservedCodeCacheSize                    = 251658240                              {pd product} {ergonomic}
     bool SegmentedCodeCache                       = true                                      {product} {ergonomic}
     bool ShowCodeDetailsInExceptionMessages       = true                                   {manageable} {command line}
   size_t SoftMaxHeapSize                          = 3198156800                             {manageable} {ergonomic}
     bool UseCompressedOops                        = true                           {product lp64_product} {ergonomic}
     bool UseG1GC                                  = true                                      {product} {ergonomic}
     bool UseLargePagesIndividualAllocation        = false                                  {pd product} {ergonomic}

Logging:
Log output configuration:
 #0: stdout all=warning uptime,level,tags foldmultilines=false
 #1: stderr all=off uptime,level,tags foldmultilines=false

Environment Variables:
PATH=C:\Program Files (x86)\Common Files\Oracle\Java\javapath;C:\Windows\system32;C:\Windows;C:\Windows\System32\Wbem;C:\Windows\System32\WindowsPowerShell\v1.0\;C:\Windows\System32\OpenSSH\;C:\Program Files\Microsoft SQL Server\Client SDK\ODBC\170\Tools\Binn\;C:\Program Files\Java\jdk-20\bin;C:\Program Files\nodejs\;C:\Program Files\Git\cmd;C:\Program Files (x86)\Microsoft SQL Server\160\Tools\Binn\;C:\Program Files\Microsoft SQL Server\160\Tools\Binn\;C:\Program Files\Microsoft SQL Server\160\DTS\Binn\;C:\Program Files (x86)\Microsoft SQL Server\160\DTS\Binn\;C:\Program Files\Microsoft SQL Server\150\Tools\Binn\;C:\Users\DELL\AppData\Local\Programs\Python\Launcher\;C:\Users\DELL\AppData\Local\Microsoft\WindowsApps;;C:\Users\DELL\AppData\Local\Programs\Microsoft VS Code\bin;C:\Program Files\Azure Data Studio\bin;C:\Program Files\JetBrains\IntelliJ IDEA Community Edition 2023.2\bin;;C:\Users\DELL\AppData\Roaming\npm
USERNAME=DELL
LANG=en_US.UTF-8
OS=Windows_NT
PROCESSOR_IDENTIFIER=Intel64 Family 6 Model 61 Stepping 4, GenuineIntel
TMP=C:\Users\DELL\AppData\Local\Temp
TEMP=C:\Users\DELL\AppData\Local\Temp




Periodic native trim disabled

---------------  S Y S T E M  ---------------

OS:
 Windows 10 , 64 bit Build 19041 (10.0.19041.5678)
OS uptime: 3 days 4:28 hours

CPU: total 4 (initial active 4) (2 cores per cpu, 2 threads per core) family 6 model 61 stepping 4 microcode 0x2d, cx8, cmov, fxsr, ht, mmx, 3dnowpref, sse, sse2, sse3, ssse3, sse4.1, sse4.2, popcnt, lzcnt, tsc, tscinvbit, avx, avx2, aes, erms, clmul, bmi1, bmi2, adx, fma, vzeroupper, clflush, rdtscp, f16c
Processor Information for the first 4 processors :
  Max Mhz: 2201, Current Mhz: 2201, Mhz Limit: 2201

Memory: 4k page, system-wide physical 12197M (831M free)
TotalPageFile size 24485M (AvailPageFile size 0M)
current process WorkingSet (physical memory assigned to process): 150M, peak: 150M
current process commit charge ("private bytes"): 341M, peak: 341M

vm_info: OpenJDK 64-Bit Server VM (21.0.6+7-LTS) for windows-amd64 JRE (21.0.6+7-LTS), built on 2025-01-21T00:00:00Z by "admin" with MS VC++ 17.7 (VS2022)

END.
